<?xml version="1.0" encoding="UTF-8"?>
<!-- Generated by org.testng.reporters.JUnitReportReporter -->
<testsuite skipped="0" hostname="DESKTOP-9UQGMJ6" name="SeleniumPractise.Way2Automation.Way2AutomationLogin" tests="2" failures="0" timestamp="24 May 2018 18:45:45 GMT" time="18.647" errors="1">
  <testcase name="LoginToApp" time="8.041" classname="SeleniumPractise.Way2Automation.Way2AutomationLogin"/>
  <testcase name="WidgetMenuTest" time="10.606" classname="SeleniumPractise.Way2Automation.Way2AutomationLogin">
    <error type="java.lang.RuntimeException" message="java.lang.InstantiationException: SeleniumPractise.Way2Automation.Widget_MenuPage">
      <![CDATA[java.lang.RuntimeException: java.lang.InstantiationException: SeleniumPractise.Way2Automation.Widget_MenuPage
	at org.openqa.selenium.support.PageFactory.instantiatePage(PageFactory.java:134)
	at org.openqa.selenium.support.PageFactory.initElements(PageFactory.java:64)
	at SeleniumPractise.Way2Automation.Widget_MenuPage.<init>(Widget_MenuPage.java:30)
	at SeleniumPractise.Way2Automation.Way2AutomationLogin.WidgetMenuTest(Way2AutomationLogin.java:78)
	at sun.reflect.NativeMethodAccessorImpl.invoke0(Native Method)
	at sun.reflect.NativeMethodAccessorImpl.invoke(NativeMethodAccessorImpl.java:62)
	at sun.reflect.DelegatingMethodAccessorImpl.invoke(DelegatingMethodAccessorImpl.java:43)
	at java.lang.reflect.Method.invoke(Method.java:498)
	at org.testng.internal.MethodInvocationHelper.invokeMethod(MethodInvocationHelper.java:108)
	at org.testng.internal.Invoker.invokeMethod(Invoker.java:669)
	at org.testng.internal.Invoker.invokeTestMethod(Invoker.java:877)
	at org.testng.internal.Invoker.invokeTestMethods(Invoker.java:1201)
	at org.testng.internal.TestMethodWorker.invokeTestMethods(TestMethodWorker.java:125)
	at org.testng.internal.TestMethodWorker.run(TestMethodWorker.java:109)
	at org.testng.TestRunner.privateRun(TestRunner.java:776)
	at org.testng.TestRunner.run(TestRunner.java:634)
	at org.testng.SuiteRunner.runTest(SuiteRunner.java:425)
	at org.testng.SuiteRunner.runSequentially(SuiteRunner.java:420)
	at org.testng.SuiteRunner.privateRun(SuiteRunner.java:385)
	at org.testng.SuiteRunner.run(SuiteRunner.java:334)
	at org.testng.SuiteRunnerWorker.runSuite(SuiteRunnerWorker.java:52)
	at org.testng.SuiteRunnerWorker.run(SuiteRunnerWorker.java:86)
	at org.testng.TestNG.runSuitesSequentially(TestNG.java:1318)
	at org.testng.TestNG.runSuitesLocally(TestNG.java:1243)
	at org.testng.TestNG.runSuites(TestNG.java:1161)
	at org.testng.TestNG.run(TestNG.java:1129)
	at org.testng.remote.AbstractRemoteTestNG.run(AbstractRemoteTestNG.java:114)
	at org.testng.remote.RemoteTestNG.initAndRun(RemoteTestNG.java:251)
	at org.testng.remote.RemoteTestNG.main(RemoteTestNG.java:77)
Caused by: java.lang.InstantiationException: SeleniumPractise.Way2Automation.Widget_MenuPage
	at java.lang.Class.newInstance(Class.java:427)
	at org.openqa.selenium.support.PageFactory.instantiatePage(PageFactory.java:131)
	... 28 more
Caused by: java.lang.NoSuchMethodException: SeleniumPractise.Way2Automation.Widget_MenuPage.<init>()
	at java.lang.Class.getConstructor0(Class.java:3082)
	at java.lang.Class.newInstance(Class.java:412)
	... 29 more
]]>
    </error>
  </testcase> <!-- WidgetMenuTest -->
</testsuite> <!-- SeleniumPractise.Way2Automation.Way2AutomationLogin -->
